Determining if the pthread_create exist failed with the following output:
Change Dir: /home/yichen/project/joystick/catkin_ws/src/learning_joy/build/CMakeFiles/CMakeTmp

Run Build Command:/usr/bin/make "cmTryCompileExec2577376332/fast"
make[1]: Entering directory `/home/yichen/project/joystick/catkin_ws/src/learning_joy/build/CMakeFiles/CMakeTmp'
/usr/bin/make -f CMakeFiles/cmTryCompileExec2577376332.dir/build.make CMakeFiles/cmTryCompileExec2577376332.dir/build
make[2]: Entering directory `/home/yichen/project/joystick/catkin_ws/src/learning_joy/build/CMakeFiles/CMakeTmp'
/usr/bin/cmake -E cmake_progress_report /home/yichen/project/joystick/catkin_ws/src/learning_joy/build/CMakeFiles/CMakeTmp/CMakeFiles 1
Building C object CMakeFiles/cmTryCompileExec2577376332.dir/CheckSymbolExists.c.o
/usr/bin/cc    -o CMakeFiles/cmTryCompileExec2577376332.dir/CheckSymbolExists.c.o   -c /home/yichen/project/joystick/catkin_ws/src/learning_joy/build/CMakeFiles/CMakeTmp/CheckSymbolExists.c
Linking C executable cmTryCompileExec2577376332
/usr/bin/cmake -E cmake_link_script CMakeFiles/cmTryCompileExec2577376332.dir/link.txt --verbose=1
/usr/bin/cc       CMakeFiles/cmTryCompileExec2577376332.dir/CheckSymbolExists.c.o  -o cmTryCompileExec2577376332 -rdynamic 
CMakeFiles/cmTryCompileExec2577376332.dir/CheckSymbolExists.c.o: In function `main':
CheckSymbolExists.c:(.text+0x16): undefined reference to `pthread_create'
collect2: error: ld returned 1 exit status
make[2]: Leaving directory `/home/yichen/project/joystick/catkin_ws/src/learning_joy/build/CMakeFiles/CMakeTmp'
make[2]: *** [cmTryCompileExec2577376332] Error 1
make[1]: Leaving directory `/home/yichen/project/joystick/catkin_ws/src/learning_joy/build/CMakeFiles/CMakeTmp'
make[1]: *** [cmTryCompileExec2577376332/fast] Error 2

File /home/yichen/project/joystick/catkin_ws/src/learning_joy/build/CMakeFiles/CMakeTmp/CheckSymbolExists.c:
/* */
#include <pthread.h>

int main(int argc, char** argv)
{
  (void)argv;
#ifndef pthread_create
  return ((int*)(&pthread_create))[argc];
#else
  (void)argc;
  return 0;
#endif
}

Determining if the function pthread_create exists in the pthreads failed with the following output:
Change Dir: /home/yichen/project/joystick/catkin_ws/src/learning_joy/build/CMakeFiles/CMakeTmp

Run Build Command:/usr/bin/make "cmTryCompileExec3361414216/fast"
make[1]: Entering directory `/home/yichen/project/joystick/catkin_ws/src/learning_joy/build/CMakeFiles/CMakeTmp'
/usr/bin/make -f CMakeFiles/cmTryCompileExec3361414216.dir/build.make CMakeFiles/cmTryCompileExec3361414216.dir/build
make[2]: Entering directory `/home/yichen/project/joystick/catkin_ws/src/learning_joy/build/CMakeFiles/CMakeTmp'
/usr/bin/cmake -E cmake_progress_report /home/yichen/project/joystick/catkin_ws/src/learning_joy/build/CMakeFiles/CMakeTmp/CMakeFiles 1
Building C object CMakeFiles/cmTryCompileExec3361414216.dir/CheckFunctionExists.c.o
/usr/bin/cc   -DCHECK_FUNCTION_EXISTS=pthread_create   -o CMakeFiles/cmTryCompileExec3361414216.dir/CheckFunctionExists.c.o   -c /usr/share/cmake-2.8/Modules/CheckFunctionExists.c
Linking C executable cmTryCompileExec3361414216
/usr/bin/cmake -E cmake_link_script CMakeFiles/cmTryCompileExec3361414216.dir/link.txt --verbose=1
/usr/bin/cc   -DCHECK_FUNCTION_EXISTS=pthread_create    CMakeFiles/cmTryCompileExec3361414216.dir/CheckFunctionExists.c.o  -o cmTryCompileExec3361414216 -rdynamic -lpthreads 
/usr/bin/ld: cannot find -lpthreads
collect2: error: ld returned 1 exit status
make[2]: Leaving directory `/home/yichen/project/joystick/catkin_ws/src/learning_joy/build/CMakeFiles/CMakeTmp'
make[2]: *** [cmTryCompileExec3361414216] Error 1
make[1]: *** [cmTryCompileExec3361414216/fast] Error 2
make[1]: Leaving directory `/home/yichen/project/joystick/catkin_ws/src/learning_joy/build/CMakeFiles/CMakeTmp'


